[critical] Error thrown while running command "'app:find-domain'". Message: "Call to a member function setTimezone() on bool"


In DateTrait.php line 67:
                                                   
  Call to a member function setTimezone() on bool  
                                                   

app:find-domains

2022-07-05T11:26:04+00:00 [critical] Uncaught Error: Call to a member function setTimezone() on bool
"05/07/2022 17:22"
"05/07/2022 14:27"
"05/07/2022 16:22"
"05/07/2022 14:27"
"06/07/2022 01:22"
"05/07/2022 14:27"
"05/07/2022 14:22"
"05/07/2022 14:27"
"wpa-france-galliformes.fr :: 05/07/2022 14:27"
[critical] Error thrown while running command "'app:find-domain'". Message: "Call to a member function setTimezone() on bool"


In DateTrait.php line 67:
                                                   
  Call to a member function setTimezone() on bool  
                                                   

app:find-domains

2022-07-05T12:34:26+00:00 [critical] Uncaught Error: Call to a member function setTimezone() on bool
"05/07/2022 17:22"
"05/07/2022 15:27"
"05/07/2022 16:22"
"05/07/2022 15:27"
"06/07/2022 01:22"
"05/07/2022 15:27"
"05/07/2022 14:22"
"05/07/2022 15:27"
"05/07/2022 19:22"
"05/07/2022 15:27"
"05/07/2022 22:22"
"05/07/2022 15:27"
"05/07/2022 20:22"
"05/07/2022 15:27"
"05/07/2022 10:22"
"05/07/2022 15:27"
"05/07/2022 13:22"
"05/07/2022 15:27"
"05/07/2022 11:22"
"05/07/2022 15:27"
"05/07/2022 12:22"
"05/07/2022 15:27"


Execution : 05-07-2022 15:27
Aucune tentative envoyée sur 
"05/07/2022 17:22"
"05/07/2022 16:27"
"05/07/2022 16:22"
"05/07/2022 16:27"
"espritcompetition.fr :: 05/07/2022 16:27"
Eaques snipe le domaine1
espritcompetition.fr
Execution : 05-07-2022 16:32
Tentative faite sur espritcompetition.fr
"05/07/2022 17:22"
"05/07/2022 18:27"
"05/07/2022 16:22"
"05/07/2022 18:27"
"06/07/2022 01:22"
"05/07/2022 18:27"
"05/07/2022 14:22"
"05/07/2022 18:27"
"06/07/2022 10:22"
"05/07/2022 18:27"
"06/07/2022 09:22"
"05/07/2022 18:27"
"06/07/2022 06:22"
"05/07/2022 18:27"
"05/07/2022 19:22"
"05/07/2022 18:27"
"05/07/2022 22:22"
"05/07/2022 18:27"
"05/07/2022 20:22"
"05/07/2022 18:27"
"05/07/2022 10:22"
"05/07/2022 18:27"
"05/07/2022 13:22"
"05/07/2022 18:27"
"05/07/2022 11:22"
"05/07/2022 18:27"
"05/07/2022 12:22"
"05/07/2022 18:27"


Execution : 05-07-2022 18:27
Aucune tentative envoyée sur 
"05/07/2022 17:22"
"05/07/2022 19:27"
"05/07/2022 16:22"
"05/07/2022 19:27"
"06/07/2022 01:22"
"05/07/2022 19:27"
"05/07/2022 14:22"
"05/07/2022 19:27"
"06/07/2022 10:22"
"05/07/2022 19:27"
"06/07/2022 09:22"
"05/07/2022 19:27"
"06/07/2022 06:22"
"05/07/2022 19:27"
"05/07/2022 19:22"
"05/07/2022 19:27"
"sudeducation37.fr :: 05/07/2022 19:27"
"05/07/2022 17:22"
"05/07/2022 20:27"
"05/07/2022 16:22"
"05/07/2022 20:27"
"06/07/2022 01:22"
"05/07/2022 20:27"
"05/07/2022 14:22"
"05/07/2022 20:27"
"06/07/2022 10:22"
"05/07/2022 20:27"
"06/07/2022 09:22"
"05/07/2022 20:27"
"06/07/2022 06:22"
"05/07/2022 20:27"
"05/07/2022 19:22"
"05/07/2022 20:27"
"05/07/2022 22:22"
"05/07/2022 20:27"
"05/07/2022 20:22"
"05/07/2022 20:27"
"photany.fr :: 05/07/2022 20:27"
"05/07/2022 17:22"
"05/07/2022 21:27"
"05/07/2022 16:22"
"05/07/2022 21:27"
"06/07/2022 01:22"
"05/07/2022 21:27"
"05/07/2022 14:22"
"05/07/2022 21:27"
"06/07/2022 10:22"
"05/07/2022 21:27"
"06/07/2022 09:22"
"05/07/2022 21:27"
"06/07/2022 06:22"
"05/07/2022 21:27"
"05/07/2022 19:22"
"05/07/2022 21:27"
"05/07/2022 22:22"
"05/07/2022 21:27"
"05/07/2022 20:22"
"05/07/2022 21:27"
"05/07/2022 10:22"
"05/07/2022 21:27"
"05/07/2022 13:22"
"05/07/2022 21:27"
"05/07/2022 11:22"
"05/07/2022 21:27"
"05/07/2022 12:22"
"05/07/2022 21:27"


Execution : 05-07-2022 21:27
Aucune tentative envoyée sur 
"05/07/2022 17:22"
"05/07/2022 22:27"
"05/07/2022 16:22"
"05/07/2022 22:27"
"06/07/2022 01:22"
"05/07/2022 22:27"
"05/07/2022 14:22"
"05/07/2022 22:27"
"06/07/2022 10:22"
"05/07/2022 22:27"
"06/07/2022 09:22"
"05/07/2022 22:27"
"06/07/2022 06:22"
"05/07/2022 22:27"
"05/07/2022 19:22"
"05/07/2022 22:27"
"05/07/2022 22:22"
"05/07/2022 22:27"
"motoforums.fr :: 05/07/2022 22:27"
"05/07/2022 17:22"
"05/07/2022 23:27"
"05/07/2022 16:22"
"05/07/2022 23:27"
"06/07/2022 01:22"
"05/07/2022 23:27"
"05/07/2022 14:22"
"05/07/2022 23:27"
"06/07/2022 10:22"
"05/07/2022 23:27"
"06/07/2022 09:22"
"05/07/2022 23:27"
"06/07/2022 06:22"
"05/07/2022 23:27"
"05/07/2022 19:22"
"05/07/2022 23:27"
"05/07/2022 22:22"
"05/07/2022 23:27"
"05/07/2022 20:22"
"05/07/2022 23:27"
"05/07/2022 10:22"
"05/07/2022 23:27"
"05/07/2022 13:22"
"05/07/2022 23:27"
"05/07/2022 11:22"
"05/07/2022 23:27"
"05/07/2022 12:22"
"05/07/2022 23:27"


Execution : 05-07-2022 23:27
Aucune tentative envoyée sur 
"05/07/2022 17:22"
"06/07/2022 00:27"
"05/07/2022 16:22"
"06/07/2022 00:27"
"06/07/2022 01:22"
"06/07/2022 00:27"
"05/07/2022 14:22"
"06/07/2022 00:27"
"06/07/2022 10:22"
"06/07/2022 00:27"
"06/07/2022 09:22"
"06/07/2022 00:27"
"06/07/2022 06:22"
"06/07/2022 00:27"
"05/07/2022 19:22"
"06/07/2022 00:27"
"05/07/2022 22:22"
"06/07/2022 00:27"
"05/07/2022 20:22"
"06/07/2022 00:27"
"05/07/2022 10:22"
"06/07/2022 00:27"
"05/07/2022 13:22"
"06/07/2022 00:27"
"05/07/2022 11:22"
"06/07/2022 00:27"
"05/07/2022 12:22"
"06/07/2022 00:27"


Execution : 06-07-2022 00:27
Aucune tentative envoyée sur 
"05/07/2022 17:22"
"06/07/2022 01:27"
"05/07/2022 16:22"
"06/07/2022 01:27"
"06/07/2022 01:22"
"06/07/2022 01:27"
"islam-nancy.fr :: 06/07/2022 01:27"
"05/07/2022 17:22"
"06/07/2022 02:27"
"05/07/2022 16:22"
"06/07/2022 02:27"
"06/07/2022 01:22"
"06/07/2022 02:27"
"05/07/2022 14:22"
"06/07/2022 02:27"
"06/07/2022 10:22"
"06/07/2022 02:27"
"06/07/2022 09:22"
"06/07/2022 02:27"
"06/07/2022 06:22"
"06/07/2022 02:27"
"05/07/2022 19:22"
"06/07/2022 02:27"
"05/07/2022 22:22"
"06/07/2022 02:27"
"05/07/2022 20:22"
"06/07/2022 02:27"
"05/07/2022 10:22"
"06/07/2022 02:27"
"05/07/2022 13:22"
"06/07/2022 02:27"
"05/07/2022 11:22"
"06/07/2022 02:27"
"05/07/2022 12:22"
"06/07/2022 02:27"


Execution : 06-07-2022 02:27
Aucune tentative envoyée sur 
"05/07/2022 17:22"
"06/07/2022 03:27"
"05/07/2022 16:22"
"06/07/2022 03:27"
"06/07/2022 01:22"
"06/07/2022 03:27"
"05/07/2022 14:22"
"06/07/2022 03:27"
"06/07/2022 10:22"
"06/07/2022 03:27"
"06/07/2022 09:22"
"06/07/2022 03:27"
"06/07/2022 06:22"
"06/07/2022 03:27"
"05/07/2022 19:22"
"06/07/2022 03:27"
"05/07/2022 22:22"
"06/07/2022 03:27"
"05/07/2022 20:22"
"06/07/2022 03:27"
"05/07/2022 10:22"
"06/07/2022 03:27"
"05/07/2022 13:22"
"06/07/2022 03:27"
"05/07/2022 11:22"
"06/07/2022 03:27"
"05/07/2022 12:22"
"06/07/2022 03:27"


Execution : 06-07-2022 03:27
Aucune tentative envoyée sur 
"05/07/2022 17:22"
"06/07/2022 04:27"
"05/07/2022 16:22"
"06/07/2022 04:27"
"06/07/2022 01:22"
"06/07/2022 04:27"
"05/07/2022 14:22"
"06/07/2022 04:27"
"06/07/2022 10:22"
"06/07/2022 04:27"
"06/07/2022 09:22"
"06/07/2022 04:27"
"06/07/2022 06:22"
"06/07/2022 04:27"
"05/07/2022 19:22"
"06/07/2022 04:27"
"05/07/2022 22:22"
"06/07/2022 04:27"
"05/07/2022 20:22"
"06/07/2022 04:27"
"05/07/2022 10:22"
"06/07/2022 04:27"
"05/07/2022 13:22"
"06/07/2022 04:27"
"05/07/2022 11:22"
"06/07/2022 04:27"
"05/07/2022 12:22"
"06/07/2022 04:27"


Execution : 06-07-2022 04:27
Aucune tentative envoyée sur 
"05/07/2022 17:22"
"06/07/2022 05:27"
"05/07/2022 16:22"
"06/07/2022 05:27"
"06/07/2022 01:22"
"06/07/2022 05:27"
"05/07/2022 14:22"
"06/07/2022 05:27"
"06/07/2022 10:22"
"06/07/2022 05:27"
"06/07/2022 09:22"
"06/07/2022 05:27"
"06/07/2022 06:22"
"06/07/2022 05:27"
"05/07/2022 19:22"
"06/07/2022 05:27"
"05/07/2022 22:22"
"06/07/2022 05:27"
"05/07/2022 20:22"
"06/07/2022 05:27"
"05/07/2022 10:22"
"06/07/2022 05:27"
"05/07/2022 13:22"
"06/07/2022 05:27"
"05/07/2022 11:22"
"06/07/2022 05:27"
"05/07/2022 12:22"
"06/07/2022 05:27"


Execution : 06-07-2022 05:27
Aucune tentative envoyée sur 
"05/07/2022 17:22"
"06/07/2022 06:27"
"05/07/2022 16:22"
"06/07/2022 06:27"
"06/07/2022 01:22"
"06/07/2022 06:27"
"05/07/2022 14:22"
"06/07/2022 06:27"
"06/07/2022 10:22"
"06/07/2022 06:27"
"06/07/2022 09:22"
"06/07/2022 06:27"
"06/07/2022 06:22"
"06/07/2022 06:27"
"vghds.fr :: 06/07/2022 06:27"
"05/07/2022 17:22"
"06/07/2022 07:27"
"05/07/2022 16:22"
"06/07/2022 07:27"
"06/07/2022 01:22"
"06/07/2022 07:27"
"05/07/2022 14:22"
"06/07/2022 07:27"
"06/07/2022 10:22"
"06/07/2022 07:27"
"06/07/2022 09:22"
"06/07/2022 07:27"
"06/07/2022 06:22"
"06/07/2022 07:27"
"05/07/2022 19:22"
"06/07/2022 07:27"
"05/07/2022 22:22"
"06/07/2022 07:27"
"05/07/2022 20:22"
"06/07/2022 07:27"
"05/07/2022 10:22"
"06/07/2022 07:27"
"05/07/2022 13:22"
"06/07/2022 07:27"
"05/07/2022 11:22"
"06/07/2022 07:27"
"05/07/2022 12:22"
"06/07/2022 07:27"


Execution : 06-07-2022 07:27
Aucune tentative envoyée sur 
"05/07/2022 17:22"
"06/07/2022 08:27"
"05/07/2022 16:22"
"06/07/2022 08:27"
"06/07/2022 01:22"
"06/07/2022 08:27"
"05/07/2022 14:22"
"06/07/2022 08:27"
"06/07/2022 10:22"
"06/07/2022 08:27"
"06/07/2022 09:22"
"06/07/2022 08:27"
"06/07/2022 06:22"
"06/07/2022 08:27"
"05/07/2022 19:22"
"06/07/2022 08:27"
"05/07/2022 22:22"
"06/07/2022 08:27"
"05/07/2022 20:22"
"06/07/2022 08:27"
"05/07/2022 10:22"
"06/07/2022 08:27"
"05/07/2022 13:22"
"06/07/2022 08:27"
"05/07/2022 11:22"
"06/07/2022 08:27"
"05/07/2022 12:22"
"06/07/2022 08:27"


Execution : 06-07-2022 08:27
Aucune tentative envoyée sur 
Eaques snipe le domaine1
perigords.fr
Execution : 06-07-2022 09:32
Tentative faite sur perigords.fr

cleor.fr
Execution : 06-07-2022 10:34
Aucune tentative envoyée sur cleor.fr

france-gites.fr
Execution : 06-07-2022 11:32
Aucune tentative envoyée sur france-gites.fr

 // Clearing the cache for the dev environment with debug                       
 // true                                                                        

 [OK] Cache for the "dev" environment (debug=true) was successfully cleared.    

2022-07-06T09:59:04+00:00 [info] User Deprecated: The "Symfony\Bridge\Doctrine\Logger\DbalLogger" class implements "Doctrine\DBAL\Logging\SQLLogger" that is deprecated Use {@see \Doctrine\DBAL\Logging\Middleware} or implement {@see \Doctrine\DBAL\Driver\Middleware} instead.
Execution : 06-07-2022 12:27


Aucune tentative envoyée sur 

 // Clearing the cache for the dev environment with debug                       
 // true                                                                        

 [OK] Cache for the "dev" environment (debug=true) was successfully cleared.    

2022-07-06T10:59:03+00:00 [info] User Deprecated: The "Symfony\Bridge\Doctrine\Logger\DbalLogger" class implements "Doctrine\DBAL\Logging\SQLLogger" that is deprecated Use {@see \Doctrine\DBAL\Logging\Middleware} or implement {@see \Doctrine\DBAL\Driver\Middleware} instead.
Execution : 06-07-2022 13:27


Aucune tentative envoyée sur 

 // Clearing the cache for the dev environment with debug                       
 // true                                                                        

 [OK] Cache for the "dev" environment (debug=true) was successfully cleared.    

2022-07-06T11:59:03+00:00 [info] User Deprecated: The "Symfony\Bridge\Doctrine\Logger\DbalLogger" class implements "Doctrine\DBAL\Logging\SQLLogger" that is deprecated Use {@see \Doctrine\DBAL\Logging\Middleware} or implement {@see \Doctrine\DBAL\Driver\Middleware} instead.
Execution : 06-07-2022 14:27


Aucune tentative envoyée sur 

 // Clearing the cache for the dev environment with debug                       
 // true                                                                        

 [OK] Cache for the "dev" environment (debug=true) was successfully cleared.    

2022-07-06T12:59:03+00:00 [info] User Deprecated: The "Symfony\Bridge\Doctrine\Logger\DbalLogger" class implements "Doctrine\DBAL\Logging\SQLLogger" that is deprecated Use {@see \Doctrine\DBAL\Logging\Middleware} or implement {@see \Doctrine\DBAL\Driver\Middleware} instead.
Execution : 06-07-2022 15:27


Aucune tentative envoyée sur 

 // Clearing the cache for the dev environment with debug                       
 // true                                                                        

 [OK] Cache for the "dev" environment (debug=true) was successfully cleared.    

2022-07-06T13:59:03+00:00 [info] User Deprecated: The "Symfony\Bridge\Doctrine\Logger\DbalLogger" class implements "Doctrine\DBAL\Logging\SQLLogger" that is deprecated Use {@see \Doctrine\DBAL\Logging\Middleware} or implement {@see \Doctrine\DBAL\Driver\Middleware} instead.
Execution : 06-07-2022 16:27

 // Clearing the cache for the dev environment with debug                       
 // true                                                                        

 [OK] Cache for the "dev" environment (debug=true) was successfully cleared.    

2022-07-06T14:59:03+00:00 [info] User Deprecated: The "Symfony\Bridge\Doctrine\Logger\DbalLogger" class implements "Doctrine\DBAL\Logging\SQLLogger" that is deprecated Use {@see \Doctrine\DBAL\Logging\Middleware} or implement {@see \Doctrine\DBAL\Driver\Middleware} instead.
Execution : 06-07-2022 17:27
"17:27"

 // Clearing the cache for the dev environment with debug                       
 // true                                                                        

 [OK] Cache for the "dev" environment (debug=true) was successfully cleared.    

2022-07-06T15:59:02+00:00 [info] User Deprecated: The "Symfony\Bridge\Doctrine\Logger\DbalLogger" class implements "Doctrine\DBAL\Logging\SQLLogger" that is deprecated Use {@see \Doctrine\DBAL\Logging\Middleware} or implement {@see \Doctrine\DBAL\Driver\Middleware} instead.
